<?xml version="1.0" encoding="UTF-8"?>
<!-- Generated by org.testng.reporters.JUnitXMLReporter -->
<testsuite ignored="0" hostname="Vaishnavi" failures="1" tests="7" name="Master Test" time="80.655" errors="0" timestamp="2025-05-31T05:53:44 IST">
  <testcase classname="testCases.tc001_AccountRegistrationTest" name="verif_account_registration" time="4.67"/>
  <testcase classname="testCases.TC002_LoginTest" name="verify_login" time="11.305">
    <failure type="java.lang.AssertionError" message="expected [true] but found [false]">
      <![CDATA[java.lang.AssertionError: expected [true] but found [false]
at testCases.TC002_LoginTest.verify_login(TC002_LoginTest.java:34)
at java.base/java.util.ArrayList.forEach(ArrayList.java:1511)
... Removed 31 stack frames]]>
    </failure>
  </testcase> <!-- verify_login -->
  <testcase classname="testCases.TC003_loginDDT" name="verfiy_loginDDT" time="1.879"/>
  <testcase classname="testCases.TC003_loginDDT" name="verfiy_loginDDT" time="11.338"/>
  <testcase classname="testCases.TC003_loginDDT" name="verfiy_loginDDT" time="11.457"/>
  <testcase classname="testCases.TC003_loginDDT" name="verfiy_loginDDT" time="11.618"/>
  <testcase classname="testCases.TC003_loginDDT" name="verfiy_loginDDT" time="2.002"/>
</testsuite> <!-- Master Test -->
