<?xml version="1.0" encoding="UTF-8"?>
<!-- Generated by org.testng.reporters.JUnitXMLReporter -->
<testsuite ignored="0" hostname="Vaishnavi" failures="1" tests="7" name="Master Test" time="94.491" errors="0" timestamp="2025-06-11T13:47:49 IST">
  <testcase classname="testCases.tc001_AccountRegistrationTest" name="verif_account_registration" time="5.676"/>
  <testcase classname="testCases.TC002_LoginTest" name="verify_login" time="12.009">
    <failure type="java.lang.AssertionError" message="expected [true] but found [false]">
      <![CDATA[java.lang.AssertionError: expected [true] but found [false]
at testCases.TC002_LoginTest.verify_login(TC002_LoginTest.java:34)
at java.base/java.util.ArrayList.forEach(ArrayList.java:1597)
... Removed 33 stack frames]]>
    </failure>
  </testcase> <!-- verify_login -->
  <testcase classname="testCases.TC003_loginDDT" name="verfiy_loginDDT" time="3.315"/>
  <testcase classname="testCases.TC003_loginDDT" name="verfiy_loginDDT" time="11.66"/>
  <testcase classname="testCases.TC003_loginDDT" name="verfiy_loginDDT" time="12.379"/>
  <testcase classname="testCases.TC003_loginDDT" name="verfiy_loginDDT" time="12.086"/>
  <testcase classname="testCases.TC003_loginDDT" name="verfiy_loginDDT" time="4.27"/>
</testsuite> <!-- Master Test -->
