<?xml version="1.0" encoding="UTF-8"?>
<testng-results ignored="0" total="7" passed="6" failed="1" skipped="0">
  <reporter-output>
  </reporter-output>
  <suite started-at="2025-05-31T05:52:23 IST" name="Suite" finished-at="2025-05-31T05:53:43 IST" duration-ms="80655">
    <groups>
      <group name="Master">
        <method signature="TC002_LoginTest.verify_login()[pri:0, instance:testCases.TC002_LoginTest@33bc72d1]" name="verify_login" class="testCases.TC002_LoginTest"/>
        <method signature="TC003_loginDDT.verfiy_loginDDT(java.lang.String,java.lang.String,java.lang.String)[pri:0, instance:testCases.TC003_loginDDT@1a75e76a]" name="verfiy_loginDDT" class="testCases.TC003_loginDDT"/>
        <method signature="tc001_AccountRegistrationTest.verif_account_registration()[pri:0, instance:testCases.tc001_AccountRegistrationTest@5b218417]" name="verif_account_registration" class="testCases.tc001_AccountRegistrationTest"/>
      </group> <!-- Master -->
      <group name="Sanity">
        <method signature="TC002_LoginTest.verify_login()[pri:0, instance:testCases.TC002_LoginTest@33bc72d1]" name="verify_login" class="testCases.TC002_LoginTest"/>
        <method signature="tc001_AccountRegistrationTest.verif_account_registration()[pri:0, instance:testCases.tc001_AccountRegistrationTest@5b218417]" name="verif_account_registration" class="testCases.tc001_AccountRegistrationTest"/>
      </group> <!-- Sanity -->
      <group name="Regression">
        <method signature="tc001_AccountRegistrationTest.verif_account_registration()[pri:0, instance:testCases.tc001_AccountRegistrationTest@5b218417]" name="verif_account_registration" class="testCases.tc001_AccountRegistrationTest"/>
      </group> <!-- Regression -->
      <group name="Datadriven">
        <method signature="TC003_loginDDT.verfiy_loginDDT(java.lang.String,java.lang.String,java.lang.String)[pri:0, instance:testCases.TC003_loginDDT@1a75e76a]" name="verfiy_loginDDT" class="testCases.TC003_loginDDT"/>
      </group> <!-- Datadriven -->
    </groups>
    <test started-at="2025-05-31T05:52:23 IST" name="Master Test" finished-at="2025-05-31T05:53:43 IST" duration-ms="80655">
      <class name="testCases.TC002_LoginTest">
        <test-method is-config="true" signature="setup(java.lang.String,java.lang.String)[pri:0, instance:testCases.TC002_LoginTest@33bc72d1]" started-at="2025-05-31T05:52:46 IST" name="setup" finished-at="2025-05-31T05:52:49 IST" duration-ms="3303" status="PASS">
          <params>
            <param index="0">
              <value>
                <![CDATA[Windows]]>
              </value>
            </param>
            <param index="1">
              <value>
                <![CDATA[chrome]]>
              </value>
            </param>
          </params>
          <reporter-output>
          </reporter-output>
        </test-method> <!-- setup -->
        <test-method signature="verify_login()[pri:0, instance:testCases.TC002_LoginTest@33bc72d1]" started-at="2025-05-31T05:52:49 IST" name="verify_login" finished-at="2025-05-31T05:53:00 IST" duration-ms="11305" status="FAIL">
          <exception class="java.lang.AssertionError">
            <message>
              <![CDATA[expected [true] but found [false]]]>
            </message>
            <full-stacktrace>
              <![CDATA[java.lang.AssertionError: expected [true] but found [false]
at org.testng.Assert.fail(Assert.java:111)
at org.testng.Assert.failNotEquals(Assert.java:1590)
at org.testng.Assert.assertTrue(Assert.java:57)
at org.testng.Assert.assertTrue(Assert.java:67)
at testCases.TC002_LoginTest.verify_login(TC002_LoginTest.java:34)
at java.base/jdk.internal.reflect.NativeMethodAccessorImpl.invoke0(Native Method)
at java.base/jdk.internal.reflect.NativeMethodAccessorImpl.invoke(NativeMethodAccessorImpl.java:77)
at java.base/jdk.internal.reflect.DelegatingMethodAccessorImpl.invoke(DelegatingMethodAccessorImpl.java:43)
at java.base/java.lang.reflect.Method.invoke(Method.java:568)
at org.testng.internal.invokers.MethodInvocationHelper.invokeMethod(MethodInvocationHelper.java:141)
at org.testng.internal.invokers.TestInvoker.invokeMethod(TestInvoker.java:687)
at org.testng.internal.invokers.TestInvoker.invokeTestMethod(TestInvoker.java:230)
at org.testng.internal.invokers.MethodRunner.runInSequence(MethodRunner.java:63)
at org.testng.internal.invokers.TestInvoker$MethodInvocationAgent.invoke(TestInvoker.java:995)
at org.testng.internal.invokers.TestInvoker.invokeTestMethods(TestInvoker.java:203)
at org.testng.internal.invokers.TestMethodWorker.invokeTestMethods(TestMethodWorker.java:154)
at org.testng.internal.invokers.TestMethodWorker.run(TestMethodWorker.java:134)
at java.base/java.util.ArrayList.forEach(ArrayList.java:1511)
at org.testng.TestRunner.privateRun(TestRunner.java:741)
at org.testng.TestRunner.run(TestRunner.java:616)
at org.testng.SuiteRunner.runTest(SuiteRunner.java:421)
at org.testng.SuiteRunner.runSequentially(SuiteRunner.java:413)
at org.testng.SuiteRunner.privateRun(SuiteRunner.java:373)
at org.testng.SuiteRunner.run(SuiteRunner.java:312)
at org.testng.SuiteRunnerWorker.runSuite(SuiteRunnerWorker.java:52)
at org.testng.SuiteRunnerWorker.run(SuiteRunnerWorker.java:95)
at org.testng.TestNG.runSuitesSequentially(TestNG.java:1274)
at org.testng.TestNG.runSuitesLocally(TestNG.java:1208)
at org.testng.TestNG.runSuites(TestNG.java:1112)
at org.testng.TestNG.run(TestNG.java:1079)
at org.testng.remote.AbstractRemoteTestNG.run(AbstractRemoteTestNG.java:115)
at org.testng.remote.RemoteTestNG.initAndRun(RemoteTestNG.java:293)
at org.testng.remote.RemoteTestNG.main(RemoteTestNG.java:91)
]]>
            </full-stacktrace>
          </exception> <!-- java.lang.AssertionError -->
          <reporter-output>
          </reporter-output>
        </test-method> <!-- verify_login -->
        <test-method is-config="true" signature="tearDown()[pri:0, instance:testCases.TC002_LoginTest@33bc72d1]" started-at="2025-05-31T05:53:00 IST" name="tearDown" finished-at="2025-05-31T05:53:01 IST" duration-ms="311" status="PASS">
          <reporter-output>
          </reporter-output>
        </test-method> <!-- tearDown -->
      </class> <!-- testCases.TC002_LoginTest -->
      <class name="testCases.TC003_loginDDT">
        <test-method is-config="true" signature="setup(java.lang.String,java.lang.String)[pri:0, instance:testCases.TC003_loginDDT@1a75e76a]" started-at="2025-05-31T05:53:01 IST" name="setup" finished-at="2025-05-31T05:53:04 IST" duration-ms="3217" status="PASS">
          <params>
            <param index="0">
              <value>
                <![CDATA[Windows]]>
              </value>
            </param>
            <param index="1">
              <value>
                <![CDATA[chrome]]>
              </value>
            </param>
          </params>
          <reporter-output>
          </reporter-output>
        </test-method> <!-- setup -->
        <test-method signature="verfiy_loginDDT(java.lang.String,java.lang.String,java.lang.String)[pri:0, instance:testCases.TC003_loginDDT@1a75e76a]" started-at="2025-05-31T05:53:05 IST" name="verfiy_loginDDT" data-provider="LoginData" finished-at="2025-05-31T05:53:07 IST" duration-ms="1879" status="PASS">
          <params>
            <param index="0">
              <value>
                <![CDATA[girikhardekarvaishnavi@gmail.com]]>
              </value>
            </param>
            <param index="1">
              <value>
                <![CDATA[test@123]]>
              </value>
            </param>
            <param index="2">
              <value>
                <![CDATA[Valid]]>
              </value>
            </param>
          </params>
          <reporter-output>
          </reporter-output>
        </test-method> <!-- verfiy_loginDDT -->
        <test-method signature="verfiy_loginDDT(java.lang.String,java.lang.String,java.lang.String)[pri:0, instance:testCases.TC003_loginDDT@1a75e76a]" started-at="2025-05-31T05:53:07 IST" name="verfiy_loginDDT" data-provider="LoginData" finished-at="2025-05-31T05:53:18 IST" duration-ms="11338" status="PASS">
          <params>
            <param index="0">
              <value>
                <![CDATA[jasmin@yahoo.com]]>
              </value>
            </param>
            <param index="1">
              <value>
                <![CDATA[Laxmi]]>
              </value>
            </param>
            <param index="2">
              <value>
                <![CDATA[invalid]]>
              </value>
            </param>
          </params>
          <reporter-output>
          </reporter-output>
        </test-method> <!-- verfiy_loginDDT -->
        <test-method signature="verfiy_loginDDT(java.lang.String,java.lang.String,java.lang.String)[pri:0, instance:testCases.TC003_loginDDT@1a75e76a]" started-at="2025-05-31T05:53:18 IST" name="verfiy_loginDDT" data-provider="LoginData" finished-at="2025-05-31T05:53:29 IST" duration-ms="11457" status="PASS">
          <params>
            <param index="0">
              <value>
                <![CDATA[lasksh@yahoo.com]]>
              </value>
            </param>
            <param index="1">
              <value>
                <![CDATA[Laxmi]]>
              </value>
            </param>
            <param index="2">
              <value>
                <![CDATA[invalid]]>
              </value>
            </param>
          </params>
          <reporter-output>
          </reporter-output>
        </test-method> <!-- verfiy_loginDDT -->
        <test-method signature="verfiy_loginDDT(java.lang.String,java.lang.String,java.lang.String)[pri:0, instance:testCases.TC003_loginDDT@1a75e76a]" started-at="2025-05-31T05:53:29 IST" name="verfiy_loginDDT" data-provider="LoginData" finished-at="2025-05-31T05:53:41 IST" duration-ms="11618" status="PASS">
          <params>
            <param index="0">
              <value>
                <![CDATA[abc@gmail.com]]>
              </value>
            </param>
            <param index="1">
              <value>
                <![CDATA[xyz]]>
              </value>
            </param>
            <param index="2">
              <value>
                <![CDATA[invalid]]>
              </value>
            </param>
          </params>
          <reporter-output>
          </reporter-output>
        </test-method> <!-- verfiy_loginDDT -->
        <test-method signature="verfiy_loginDDT(java.lang.String,java.lang.String,java.lang.String)[pri:0, instance:testCases.TC003_loginDDT@1a75e76a]" started-at="2025-05-31T05:53:41 IST" name="verfiy_loginDDT" data-provider="LoginData" finished-at="2025-05-31T05:53:43 IST" duration-ms="2002" status="PASS">
          <params>
            <param index="0">
              <value>
                <![CDATA[richard@yopmail.com]]>
              </value>
            </param>
            <param index="1">
              <value>
                <![CDATA[123456]]>
              </value>
            </param>
            <param index="2">
              <value>
                <![CDATA[Valid]]>
              </value>
            </param>
          </params>
          <reporter-output>
          </reporter-output>
        </test-method> <!-- verfiy_loginDDT -->
        <test-method is-config="true" signature="tearDown()[pri:0, instance:testCases.TC003_loginDDT@1a75e76a]" started-at="2025-05-31T05:53:43 IST" name="tearDown" finished-at="2025-05-31T05:53:43 IST" duration-ms="315" status="PASS">
          <reporter-output>
          </reporter-output>
        </test-method> <!-- tearDown -->
      </class> <!-- testCases.TC003_loginDDT -->
      <class name="testCases.tc001_AccountRegistrationTest">
        <test-method is-config="true" signature="setup(java.lang.String,java.lang.String)[pri:0, instance:testCases.tc001_AccountRegistrationTest@5b218417]" started-at="2025-05-31T05:52:23 IST" name="setup" finished-at="2025-05-31T05:52:40 IST" duration-ms="17376" status="PASS">
          <params>
            <param index="0">
              <value>
                <![CDATA[Windows]]>
              </value>
            </param>
            <param index="1">
              <value>
                <![CDATA[chrome]]>
              </value>
            </param>
          </params>
          <reporter-output>
          </reporter-output>
        </test-method> <!-- setup -->
        <test-method signature="verif_account_registration()[pri:0, instance:testCases.tc001_AccountRegistrationTest@5b218417]" started-at="2025-05-31T05:52:40 IST" name="verif_account_registration" finished-at="2025-05-31T05:52:45 IST" duration-ms="4670" status="PASS">
          <reporter-output>
          </reporter-output>
        </test-method> <!-- verif_account_registration -->
        <test-method is-config="true" signature="tearDown()[pri:0, instance:testCases.tc001_AccountRegistrationTest@5b218417]" started-at="2025-05-31T05:52:45 IST" name="tearDown" finished-at="2025-05-31T05:52:46 IST" duration-ms="372" status="PASS">
          <reporter-output>
          </reporter-output>
        </test-method> <!-- tearDown -->
      </class> <!-- testCases.tc001_AccountRegistrationTest -->
    </test> <!-- Master Test -->
  </suite> <!-- Suite -->
</testng-results>
